<?xml version="1.0" encoding="UTF-8"?>
<!-- Generated by org.testng.reporters.JUnitReportReporter -->
<testsuite skipped="0" hostname="KALAMSIR-PC" name="tests.DummyRunner" tests="1" failures="0" timestamp="2021-12-31T09:24:52 IST" time="0.133" errors="0">
  <testcase name="runScenario" time="0.133" classname="tests.DummyRunner"/>
  <system-out/>
</testsuite> <!-- tests.DummyRunner -->
